<?xml version="1.0" encoding="UTF-8"?>
<testsuite xmlns:xsi="http://www.w3.org/2001/XMLSchema-instance" xsi:noNamespaceSchemaLocation="https://maven.apache.org/surefire/maven-surefire-plugin/xsd/surefire-test-report.xsd" name="MavenXchart.quickstart.AppTest" time="0.04" tests="1" errors="0" skipped="0" failures="0">
  <properties>
    <property name="java.specification.version" value="16"/>
    <property name="sun.cpu.isalist" value="amd64"/>
    <property name="sun.jnu.encoding" value="Cp1252"/>
    <property name="java.class.path" value="E:\mohammed_reda\ITI AI COURSES\ITI Courses Materials\java\assignments\Mohammed Reda Shoaib ITI-AI-Java-Assignment-main\Assignment 3\MavenXchart\target\test-classes;E:\mohammed_reda\ITI AI COURSES\ITI Courses Materials\java\assignments\Mohammed Reda Shoaib ITI-AI-Java-Assignment-main\Assignment 3\MavenXchart\target\classes;C:\Users\Omran Reda\.m2\repository\junit\junit\4.11\junit-4.11.jar;C:\Users\Omran Reda\.m2\repository\org\hamcrest\hamcrest-core\1.3\hamcrest-core-1.3.jar;C:\Users\Omran Reda\.m2\repository\com\fasterxml\jackson\core\jackson-core\2.9.6\jackson-core-2.9.6.jar;C:\Users\Omran Reda\.m2\repository\com\fasterxml\jackson\core\jackson-databind\2.9.6\jackson-databind-2.9.6.jar;C:\Users\Omran Reda\.m2\repository\com\fasterxml\jackson\core\jackson-annotations\2.9.0\jackson-annotations-2.9.0.jar;C:\Users\Omran Reda\.m2\repository\org\knowm\xchart\xchart\3.8.0\xchart-3.8.0.jar;C:\Users\Omran Reda\.m2\repository\de\erichseifert\vectorgraphics2d\VectorGraphics2D\0.13\VectorGraphics2D-0.13.jar;C:\Users\Omran Reda\.m2\repository\de\rototor\pdfbox\graphics2d\0.30\graphics2d-0.30.jar;C:\Users\Omran Reda\.m2\repository\org\apache\pdfbox\pdfbox\2.0.22\pdfbox-2.0.22.jar;C:\Users\Omran Reda\.m2\repository\org\apache\pdfbox\fontbox\2.0.22\fontbox-2.0.22.jar;C:\Users\Omran Reda\.m2\repository\commons-logging\commons-logging\1.2\commons-logging-1.2.jar;C:\Users\Omran Reda\.m2\repository\com\madgag\animated-gif-lib\1.4\animated-gif-lib-1.4.jar;"/>
    <property name="java.vm.vendor" value="Oracle Corporation"/>
    <property name="sun.arch.data.model" value="64"/>
    <property name="user.variant" value=""/>
    <property name="java.vendor.url" value="https://java.oracle.com/"/>
    <property name="user.timezone" value="Africa/Cairo"/>
    <property name="os.name" value="Windows 10"/>
    <property name="java.vm.specification.version" value="16"/>
    <property name="user.country" value="US"/>
    <property name="sun.java.launcher" value="SUN_STANDARD"/>
    <property name="sun.boot.library.path" value="C:\Program Files\Java\jdk-16\bin"/>
    <property name="sun.java.command" value="C:\Users\OMRANR~1\AppData\Local\Temp\surefire9250247548800753773\surefirebooter4205691552976257465.jar C:\Users\Omran Reda\AppData\Local\Temp\surefire9250247548800753773 2021-06-20T22-56-11_469-jvmRun1 surefire12157930396454667410tmp surefire_013057656435604779312tmp"/>
    <property name="jdk.debug" value="release"/>
    <property name="surefire.test.class.path" value="E:\mohammed_reda\ITI AI COURSES\ITI Courses Materials\java\assignments\Mohammed Reda Shoaib ITI-AI-Java-Assignment-main\Assignment 3\MavenXchart\target\test-classes;E:\mohammed_reda\ITI AI COURSES\ITI Courses Materials\java\assignments\Mohammed Reda Shoaib ITI-AI-Java-Assignment-main\Assignment 3\MavenXchart\target\classes;C:\Users\Omran Reda\.m2\repository\junit\junit\4.11\junit-4.11.jar;C:\Users\Omran Reda\.m2\repository\org\hamcrest\hamcrest-core\1.3\hamcrest-core-1.3.jar;C:\Users\Omran Reda\.m2\repository\com\fasterxml\jackson\core\jackson-core\2.9.6\jackson-core-2.9.6.jar;C:\Users\Omran Reda\.m2\repository\com\fasterxml\jackson\core\jackson-databind\2.9.6\jackson-databind-2.9.6.jar;C:\Users\Omran Reda\.m2\repository\com\fasterxml\jackson\core\jackson-annotations\2.9.0\jackson-annotations-2.9.0.jar;C:\Users\Omran Reda\.m2\repository\org\knowm\xchart\xchart\3.8.0\xchart-3.8.0.jar;C:\Users\Omran Reda\.m2\repository\de\erichseifert\vectorgraphics2d\VectorGraphics2D\0.13\VectorGraphics2D-0.13.jar;C:\Users\Omran Reda\.m2\repository\de\rototor\pdfbox\graphics2d\0.30\graphics2d-0.30.jar;C:\Users\Omran Reda\.m2\repository\org\apache\pdfbox\pdfbox\2.0.22\pdfbox-2.0.22.jar;C:\Users\Omran Reda\.m2\repository\org\apache\pdfbox\fontbox\2.0.22\fontbox-2.0.22.jar;C:\Users\Omran Reda\.m2\repository\commons-logging\commons-logging\1.2\commons-logging-1.2.jar;C:\Users\Omran Reda\.m2\repository\com\madgag\animated-gif-lib\1.4\animated-gif-lib-1.4.jar;"/>
    <property name="sun.cpu.endian" value="little"/>
    <property name="user.home" value="C:\Users\Omran Reda"/>
    <property name="user.language" value="en"/>
    <property name="java.specification.vendor" value="Oracle Corporation"/>
    <property name="java.version.date" value="2021-03-16"/>
    <property name="java.home" value="C:\Program Files\Java\jdk-16"/>
    <property name="file.separator" value="\"/>
    <property name="basedir" value="E:\mohammed_reda\ITI AI COURSES\ITI Courses Materials\java\assignments\Mohammed Reda Shoaib ITI-AI-Java-Assignment-main\Assignment 3\MavenXchart"/>
    <property name="java.vm.compressedOopsMode" value="32-bit"/>
    <property name="line.separator" value="&#10;"/>
    <property name="java.vm.specification.vendor" value="Oracle Corporation"/>
    <property name="java.specification.name" value="Java Platform API Specification"/>
    <property name="surefire.real.class.path" value="C:\Users\OMRANR~1\AppData\Local\Temp\surefire9250247548800753773\surefirebooter4205691552976257465.jar"/>
    <property name="user.script" value=""/>
    <property name="sun.management.compiler" value="HotSpot 64-Bit Tiered Compilers"/>
    <property name="java.runtime.version" value="16+36-2231"/>
    <property name="user.name" value="Omran Reda"/>
    <property name="path.separator" value=";"/>
    <property name="os.version" value="10.0"/>
    <property name="java.runtime.name" value="Java(TM) SE Runtime Environment"/>
    <property name="file.encoding" value="UTF-8"/>
    <property name="java.vm.name" value="Java HotSpot(TM) 64-Bit Server VM"/>
    <property name="maven.ext.class.path" value="C:\Program Files\NetBeans-12.3\netbeans\java\maven-nblib\netbeans-eventspy.jar"/>
    <property name="localRepository" value="C:\Users\Omran Reda\.m2\repository"/>
    <property name="java.vendor.url.bug" value="https://bugreport.java.com/bugreport/"/>
    <property name="java.io.tmpdir" value="C:\Users\OMRANR~1\AppData\Local\Temp\"/>
    <property name="java.version" value="16"/>
    <property name="user.dir" value="E:\mohammed_reda\ITI AI COURSES\ITI Courses Materials\java\assignments\Mohammed Reda Shoaib ITI-AI-Java-Assignment-main\Assignment 3\MavenXchart"/>
    <property name="os.arch" value="amd64"/>
    <property name="java.vm.specification.name" value="Java Virtual Machine Specification"/>
    <property name="sun.os.patch.level" value=""/>
    <property name="java.library.path" value="C:\Program Files\Java\jdk-16\bin;C:\Windows\Sun\Java\bin;C:\Windows\system32;C:\Windows;C:\Program Files\Common Files\Oracle\Java\javapath;C:\ProgramData\Oracle\Java\javapath;C:\WinAVR-20100110\bin;C:\WinAVR-20100110\utils\bin;C:\Users\Omran Reda\AppData\Local\Programs\Python\Python38-32\Scripts\;C:\Users\Omran Reda\AppData\Local\Programs\Python\Python38-32\;C:\Users\Omran Reda\AppData\Local\Microsoft\WindowsApps;C:\Users\Omran Reda\AppData\Local\Programs\Microsoft VS Code\bin;C:\Users\Omran Reda\AppData\Roaming\Composer\vendor\bin;C:\Users\Omran Reda\AppData\Local\Programs\MiKTeX\miktex\bin\x64\;C:\Program Files\Java\jdk-16.0.1\bin;C:\Users\Omran Reda\AppData\Local\GitHubDesktop\bin;."/>
    <property name="java.vm.info" value="mixed mode, sharing"/>
    <property name="java.vendor" value="Oracle Corporation"/>
    <property name="java.vm.version" value="16+36-2231"/>
    <property name="sun.io.unicode.encoding" value="UnicodeLittle"/>
    <property name="java.class.version" value="60.0"/>
  </properties>
  <testcase name="shouldAnswerWithTrue" classname="MavenXchart.quickstart.AppTest" time="0.003"/>
</testsuite>